<?xml version="1.0" encoding="UTF-8"?>
<!-- Generated by org.testng.reporters.JUnitReportReporter -->
<testsuite hostname="Alexanders-MacBook-Pro.local" name="adbwrapper.AdbWrapperTest" tests="4" failures="0" timestamp="26 Nov 2017 20:43:52 GMT" time="0.258" errors="0">
  <testcase name="installAll" time="0.019" classname="adbwrapper.AdbWrapperTest"/>
  <testcase name="getADBpathTest" time="0.025" classname="adbwrapper.AdbWrapperTest"/>
  <testcase name="getAllDevicesIdTest" time="0.075" classname="adbwrapper.AdbWrapperTest"/>
  <testcase name="getAllDevicesNameTest" time="0.139" classname="adbwrapper.AdbWrapperTest"/>
</testsuite> <!-- adbwrapper.AdbWrapperTest -->
