<?xml version="1.0" encoding="UTF-8"?>
<!-- Generated by org.testng.reporters.JUnitReportReporter -->
<testsuite hostname="Alexanders-MacBook-Pro.local" name="adbwrapper.AdbWrapperTest" tests="3" failures="0" timestamp="15 Nov 2017 15:23:07 GMT" time="0.098" errors="0">
  <testcase name="installAll" time="0.016" classname="adbwrapper.AdbWrapperTest"/>
  <testcase name="getADBpathTest" time="0.020" classname="adbwrapper.AdbWrapperTest"/>
  <testcase name="getAllDevicesIdTest" time="0.062" classname="adbwrapper.AdbWrapperTest"/>
</testsuite> <!-- adbwrapper.AdbWrapperTest -->
