<?xml version="1.0" encoding="UTF-8"?>
<!-- Generated by org.testng.reporters.JUnitReportReporter -->
<testsuite hostname="Alexanders-MacBook-Pro.local" name="adbwrapper.AdbWrapperTest" tests="5" failures="0" timestamp="26 Nov 2017 21:46:42 GMT" time="0.243" errors="0">
  <testcase name="installAll" time="0.019" classname="adbwrapper.AdbWrapperTest"/>
  <testcase name="getProcessTest" time="0.002" classname="adbwrapper.AdbWrapperTest"/>
  <testcase name="getADBpathTest" time="0.021" classname="adbwrapper.AdbWrapperTest"/>
  <testcase name="getAllDevicesIdTest" time="0.065" classname="adbwrapper.AdbWrapperTest"/>
  <testcase name="getAllDevicesNameTest" time="0.136" classname="adbwrapper.AdbWrapperTest"/>
</testsuite> <!-- adbwrapper.AdbWrapperTest -->
